0 info it worked if it ends with ok
1 verbose cli [ '/usr/local/bin/node',
1 verbose cli   '/usr/local/bin/npm',
1 verbose cli   'install',
1 verbose cli   '-g',
1 verbose cli   'coffee-jshint' ]
2 info using npm@2.14.7
3 info using node@v4.2.2
4 verbose install initial load of /usr/local/lib/package.json
5 verbose readDependencies loading dependencies from /usr/local/lib/package.json
6 silly cache add args [ 'coffee-jshint', null ]
7 verbose cache add spec coffee-jshint
8 silly cache add parsed spec Result {
8 silly cache add   raw: 'coffee-jshint',
8 silly cache add   scope: null,
8 silly cache add   name: 'coffee-jshint',
8 silly cache add   rawSpec: '',
8 silly cache add   spec: '*',
8 silly cache add   type: 'range' }
9 silly addNamed coffee-jshint@*
10 verbose addNamed "*" is a valid semver range for coffee-jshint
11 silly addNameRange { name: 'coffee-jshint', range: '*', hasData: false }
12 silly mapToRegistry name coffee-jshint
13 silly mapToRegistry using default registry
14 silly mapToRegistry registry https://registry.npmjs.org/
15 silly mapToRegistry uri https://registry.npmjs.org/coffee-jshint
16 verbose addNameRange registry:https://registry.npmjs.org/coffee-jshint not in flight; fetching
17 verbose request uri https://registry.npmjs.org/coffee-jshint
18 verbose request no auth needed
19 info attempt registry request try #1 at 9:28:41 PM
20 verbose request id 0e96160720069f9b
21 http request GET https://registry.npmjs.org/coffee-jshint
22 http 200 https://registry.npmjs.org/coffee-jshint
23 verbose headers { server: 'CouchDB/1.5.0 (Erlang OTP/R16B03)',
23 verbose headers   etag: '"7D0IIJ58SUFET3T873X0477MI"',
23 verbose headers   'content-type': 'application/json',
23 verbose headers   'cache-control': 'max-age=60',
23 verbose headers   'content-length': '24305',
23 verbose headers   'accept-ranges': 'bytes',
23 verbose headers   date: 'Thu, 19 Nov 2015 20:28:41 GMT',
23 verbose headers   via: '1.1 varnish',
23 verbose headers   age: '0',
23 verbose headers   connection: 'keep-alive',
23 verbose headers   'x-served-by': 'cache-fra1242-FRA',
23 verbose headers   'x-cache': 'MISS',
23 verbose headers   'x-cache-hits': '0',
23 verbose headers   'x-timer': 'S1447964921.674342,VS0,VE193',
23 verbose headers   vary: 'Accept' }
24 silly get cb [ 200,
24 silly get   { server: 'CouchDB/1.5.0 (Erlang OTP/R16B03)',
24 silly get     etag: '"7D0IIJ58SUFET3T873X0477MI"',
24 silly get     'content-type': 'application/json',
24 silly get     'cache-control': 'max-age=60',
24 silly get     'content-length': '24305',
24 silly get     'accept-ranges': 'bytes',
24 silly get     date: 'Thu, 19 Nov 2015 20:28:41 GMT',
24 silly get     via: '1.1 varnish',
24 silly get     age: '0',
24 silly get     connection: 'keep-alive',
24 silly get     'x-served-by': 'cache-fra1242-FRA',
24 silly get     'x-cache': 'MISS',
24 silly get     'x-cache-hits': '0',
24 silly get     'x-timer': 'S1447964921.674342,VS0,VE193',
24 silly get     vary: 'Accept' } ]
25 verbose get saving coffee-jshint to /Users/cedriclor/.npm/registry.npmjs.org/coffee-jshint/.cache.json
26 verbose makeDirectory /Users/cedriclor/.npm creation not in flight; initializing
27 silly makeDirectory /Users/cedriclor/.npm uid: 501 gid: 20
28 silly addNameRange number 2 { name: 'coffee-jshint', range: '*', hasData: true }
29 silly addNameRange versions [ 'coffee-jshint',
29 silly addNameRange   [ '0.0.1',
29 silly addNameRange     '0.0.2',
29 silly addNameRange     '0.0.3',
29 silly addNameRange     '0.0.4',
29 silly addNameRange     '0.0.5',
29 silly addNameRange     '0.0.6',
29 silly addNameRange     '0.0.7',
29 silly addNameRange     '0.0.8',
29 silly addNameRange     '0.0.9',
29 silly addNameRange     '0.0.10',
29 silly addNameRange     '0.0.11',
29 silly addNameRange     '0.0.12',
29 silly addNameRange     '0.0.13',
29 silly addNameRange     '0.0.14',
29 silly addNameRange     '0.1.0',
29 silly addNameRange     '0.1.1',
29 silly addNameRange     '0.1.2',
29 silly addNameRange     '0.2.0',
29 silly addNameRange     '0.2.2',
29 silly addNameRange     '0.2.3' ] ]
30 silly addNamed coffee-jshint@0.2.3
31 verbose addNamed "0.2.3" is a plain semver version for coffee-jshint
32 silly mapToRegistry name coffee-jshint
33 silly mapToRegistry using default registry
34 silly mapToRegistry registry https://registry.npmjs.org/
35 silly mapToRegistry uri https://registry.npmjs.org/coffee-jshint
36 verbose addRemoteTarball https://registry.npmjs.org/coffee-jshint/-/coffee-jshint-0.2.3.tgz not in flight; adding
37 verbose addRemoteTarball [ 'https://registry.npmjs.org/coffee-jshint/-/coffee-jshint-0.2.3.tgz',
37 verbose addRemoteTarball   '5dc05b82a5819281a6a707872f64647b1bb6e993' ]
38 info retry fetch attempt 1 at 9:28:41 PM
39 info attempt registry request try #1 at 9:28:41 PM
40 http fetch GET https://registry.npmjs.org/coffee-jshint/-/coffee-jshint-0.2.3.tgz
41 http fetch 200 https://registry.npmjs.org/coffee-jshint/-/coffee-jshint-0.2.3.tgz
42 silly fetchAndShaCheck shasum 5dc05b82a5819281a6a707872f64647b1bb6e993
43 verbose addTmpTarball /var/folders/2b/34sqn8dj6_j2bwzf371n7kfm0000gn/T/npm-7611-0d63e85d/registry.npmjs.org/coffee-jshint/-/coffee-jshint-0.2.3.tgz not in flight; adding
44 verbose addTmpTarball already have metadata; skipping unpack for coffee-jshint@0.2.3
45 silly cache afterAdd coffee-jshint@0.2.3
46 verbose afterAdd /Users/cedriclor/.npm/coffee-jshint/0.2.3/package/package.json not in flight; writing
47 verbose afterAdd /Users/cedriclor/.npm/coffee-jshint/0.2.3/package/package.json written
48 silly install resolved [ { name: 'coffee-jshint',
48 silly install resolved     version: '0.2.3',
48 silly install resolved     description: 'Checks CoffeeScript source for errors using JSHint',
48 silly install resolved     engines: { node: '>=0.8.x' },
48 silly install resolved     repository:
48 silly install resolved      { type: 'git',
48 silly install resolved        url: 'git://github.com/Clever/coffee-jshint.git' },
48 silly install resolved     bin: { 'coffee-jshint': './cli.js' },
48 silly install resolved     scripts: { prepublish: 'make' },
48 silly install resolved     license: 'Apache-2.0',
48 silly install resolved     dependencies: { jshint: '~2.8.0', optimist: '~0.6.1', underscore: '~1.8.3' },
48 silly install resolved     peerDependencies: { 'coffee-script': '>= 1.6 < 2' },
48 silly install resolved     devDependencies: { 'coffee-script': '~1.6.0' },
48 silly install resolved     publishConfig: { registry: 'https://registry.npmjs.org' },
48 silly install resolved     gitHead: '12068b6209ba12d38ff3ca5c1ea4c81048150a41',
48 silly install resolved     bugs: { url: 'https://github.com/Clever/coffee-jshint/issues' },
48 silly install resolved     homepage: 'https://github.com/Clever/coffee-jshint',
48 silly install resolved     _id: 'coffee-jshint@0.2.3',
48 silly install resolved     _shasum: '5dc05b82a5819281a6a707872f64647b1bb6e993',
48 silly install resolved     _from: 'coffee-jshint@*',
48 silly install resolved     _npmVersion: '1.4.14',
48 silly install resolved     _npmUser: { name: 'jonahkagan', email: 'jonahkagan@gmail.com' },
48 silly install resolved     maintainers: [ [Object], [Object], [Object] ],
48 silly install resolved     dist:
48 silly install resolved      { shasum: '5dc05b82a5819281a6a707872f64647b1bb6e993',
48 silly install resolved        tarball: 'http://registry.npmjs.org/coffee-jshint/-/coffee-jshint-0.2.3.tgz' },
48 silly install resolved     directories: {},
48 silly install resolved     _resolved: 'https://registry.npmjs.org/coffee-jshint/-/coffee-jshint-0.2.3.tgz' } ]
49 info install coffee-jshint@0.2.3 into /usr/local/lib
50 info installOne coffee-jshint@0.2.3
51 verbose installOne of coffee-jshint to /usr/local/lib not in flight; installing
52 verbose makeDirectory /Users/cedriclor/.npm/_locks creation not in flight; initializing
53 silly makeDirectory /Users/cedriclor/.npm/_locks uid: 501 gid: 20
54 verbose lock using /Users/cedriclor/.npm/_locks/coffee-jshint-c04c288b4f31e8a5.lock for /usr/local/lib/node_modules/coffee-jshint
55 silly install write writing coffee-jshint 0.2.3 to /usr/local/lib/node_modules/coffee-jshint
56 verbose unbuild lib/node_modules/coffee-jshint
57 silly gentlyRm /usr/local/lib/node_modules/coffee-jshint is being purged from base /usr/local
58 verbose gentlyRm don't care about contents; nuking /usr/local/lib/node_modules/coffee-jshint
59 verbose tar unpack /Users/cedriclor/.npm/coffee-jshint/0.2.3/package.tgz
60 verbose tar unpacking to /usr/local/lib/node_modules/coffee-jshint
61 silly gentlyRm /usr/local/lib/node_modules/coffee-jshint is being purged
62 verbose gentlyRm don't care about contents; nuking /usr/local/lib/node_modules/coffee-jshint
63 silly gunzTarPerm modes [ '755', '644' ]
64 error tar.unpack untar error /Users/cedriclor/.npm/coffee-jshint/0.2.3/package.tgz
65 verbose unlock done using /Users/cedriclor/.npm/_locks/coffee-jshint-c04c288b4f31e8a5.lock for /usr/local/lib/node_modules/coffee-jshint
66 verbose fstream_path /usr/local/lib/node_modules/coffee-jshint
67 verbose fstream_type Directory
68 verbose fstream_class DirWriter
69 verbose stack Error: EACCES: permission denied, mkdir '/usr/local/lib/node_modules/coffee-jshint'
69 verbose stack     at Error (native)
70 verbose fstream_stack /usr/local/lib/node_modules/npm/node_modules/fstream/lib/dir-writer.js:35:25
70 verbose fstream_stack /usr/local/lib/node_modules/npm/node_modules/mkdirp/index.js:47:53
70 verbose fstream_stack FSReqWrap.oncomplete (fs.js:82:15)
71 verbose cwd /Users/cedriclor/code/CedricLor/wisdom_for_wanderers
72 error Darwin 15.0.0
73 error argv "/usr/local/bin/node" "/usr/local/bin/npm" "install" "-g" "coffee-jshint"
74 error node v4.2.2
75 error npm  v2.14.7
76 error path /usr/local/lib/node_modules/coffee-jshint
77 error code EACCES
78 error errno -13
79 error syscall mkdir
80 error Error: EACCES: permission denied, mkdir '/usr/local/lib/node_modules/coffee-jshint'
80 error     at Error (native)
80 error  { [Error: EACCES: permission denied, mkdir '/usr/local/lib/node_modules/coffee-jshint']
80 error   errno: -13,
80 error   code: 'EACCES',
80 error   syscall: 'mkdir',
80 error   path: '/usr/local/lib/node_modules/coffee-jshint',
80 error   fstream_type: 'Directory',
80 error   fstream_path: '/usr/local/lib/node_modules/coffee-jshint',
80 error   fstream_class: 'DirWriter',
80 error   fstream_stack:
80 error    [ '/usr/local/lib/node_modules/npm/node_modules/fstream/lib/dir-writer.js:35:25',
80 error      '/usr/local/lib/node_modules/npm/node_modules/mkdirp/index.js:47:53',
80 error      'FSReqWrap.oncomplete (fs.js:82:15)' ] }
81 error Please try running this command again as root/Administrator.
82 verbose exit [ -13, true ]
83 verbose unbuild lib/node_modules/coffee-jshint
84 silly gentlyRm /usr/local/lib/node_modules/coffee-jshint is being purged from base /usr/local
85 verbose gentlyRm don't care about contents; nuking /usr/local/lib/node_modules/coffee-jshint
